<?xml version="1.0" encoding="UTF-8"?>
<!-- Generated by org.testng.reporters.JUnitReportReporter -->
<testsuite hostname="DESKTOP-T0S72JM" failures="0" tests="1" name="com.flight.test.FlightBookingTest" time="77.632" errors="0" timestamp="28 Mar 2021 10:17:33 GMT" skipped="0">
  <testcase classname="com.flight.test.FlightBookingTest" name="bookFlight" time="77.632"/>
</testsuite> <!-- com.flight.test.FlightBookingTest -->
