<?xml version="1.0" encoding="UTF-8"?>
<!-- Generated by org.testng.reporters.JUnitReportReporter -->
<testsuite hostname="DESKTOP-T0S72JM" failures="0" tests="2" name="projectSelenium.HomePage" time="41.887" errors="0" timestamp="07 Mar 2020 14:48:18 GMT" skipped="0">
  <testcase classname="projectSelenium.HomePage" name="basePageNav" time="21.171"/>
  <testcase classname="projectSelenium.HomePage" name="basePageNav" time="20.716"/>
</testsuite> <!-- projectSelenium.HomePage -->
